(---------------------------------------------------------------------)
(                                                                     )
(    QUICKPLACE LOG                                                   )
(                                                                     )
(    Drawing          : OSCILLATOR.brd                                )
(    Software Version : 17.2P028                                      )
(    Date/Time        : Thu Aug 01 10:23:42 2019                      )
(                                                                     )
(---------------------------------------------------------------------)


State: Placing on layer TOP

         Placed symbol:  U3 / LF351_DIP8_3_LF351 / DIP8_3 at (3.473 77.093)
         Placed symbol:  U4 / LF351_DIP8_3_LF351 / DIP8_3 at (13.836 77.093)
         Placed symbol:  U2 / LF351_DIP8_3_LF351 / DIP8_3 at (24.199 77.093)
         Placed symbol:  U1 / LF351_DIP8_3_LF351 / DIP8_3 at (34.562 77.093)
ERROR:   Could not find symbol:  U5 / LM7812C_5_TO-220_LM7812C / TO-220
         Placed symbol:  VR1 / POT_RESADJ_1M / RESADJ at (47.465 74.401)
ERROR:   Could not find symbol:  U6 / LM7912C_1_TO-220_LM7912C / TO-220
         Placed symbol:  J2 / CON3_JUMPER3_CON3 / JUMPER3 at (50.208 69.473)
         Placed symbol:  R1 / R_RES400_10K / RES400 at (58.615 69.384)
         Placed symbol:  R10 / R_RES400_10K / RES400 at (61.942 69.384)
         Placed symbol:  R3 / R_RES400_10K / RES400 at (65.269 69.384)
         Placed symbol:  R4 / R_RES400_10K / RES400 at (68.596 69.384)
         Placed symbol:  C6 / CAP NP_CAP196_0.1UF / CAP196 at (72.863 69.473)
         Placed symbol:  R7 / R_RES400_10K / RES400 at (77.714 69.384)
         Placed symbol:  R9 / R_RES400_10K / RES400 at (81.041 69.384)
         Placed symbol:  R8 / R_RES400_10K / RES400 at (84.368 69.384)
         Placed symbol:  R2 / R_RES400_100K / RES400 at (87.695 69.384)
         Placed symbol:  R5 / R_RES400_62K / RES400 at (91.022 69.384)
         Placed symbol:  C5 / CAP NP_CAP196_0.1UF / CAP196 at (4.997 82.198)
         Placed symbol:  C4 / CAP NP_CAP196_0.1UF / CAP196 at (10.788 82.198)
         Placed symbol:  C3 / CAP NP_CAP196_0.1UF / CAP196 at (16.579 82.198)
         Placed symbol:  C2 / CAP NP_CAP196_270PF / CAP196 at (22.370 82.198)
         Placed symbol:  R6 / R_RES400_10K / RES400 at (27.221 82.109)
         Placed symbol:  J1 / CON2_JUMPER2_CON2 / JUMPER2 at (29.964 82.198)
         Placed symbol:  C1 / CAP NP_CAP196_0.01UF / CAP196 at (36.771 82.198)


Placed 23 of 25 applicable (25 total) symbols.

-----------------------------------------------------------------------

State: Placing on layer TOP

ERROR:   Could not find symbol:  U5 / LM7812C_5_TO-220_LM7812C / TO-220
ERROR:   Could not find symbol:  U6 / LM7912C_1_TO-220_LM7912C / TO-220


Placed 0 of 2 applicable (2 total) symbols.

-----------------------------------------------------------------------

State: Placing on layer TOP

ERROR:   Could not find symbol:  U5 / LM7812C_5_TO-220_LM7812C / TO-220
ERROR:   Could not find symbol:  U6 / LM7912C_1_TO-220_LM7912C / TO-220


Placed 0 of 2 applicable (2 total) symbols.

-----------------------------------------------------------------------

